# JRE version: OpenJDK Runtime Environment GraalVM CE 22.3.0 (17.0.5+8) (build 17.0.5+8-jvmci-22.3-b08)
# Java VM: OpenJDK 64-Bit Server VM GraalVM CE 22.3.0 (17.0.5+8-jvmci-22.3-b08, mixed mode, sharing, tiered, jvmci, jvmci compiler, compressed oops, compressed class ptrs, parallel gc, linux-amd64)
GC Precious Log:
 CPUs: 8 total, 1 available
 Memory: 1024M
 Large Page Support: Disabled
 NUMA Support: Disabled
 Compressed Oops: Enabled (32-bit)
 Alignments: Space 512K, Generation 512K, Heap 2M
 Heap Min Capacity: 100M
 Heap Initial Capacity: 100M
 Heap Max Capacity: 512M
 Pre-touch: Disabled
 Parallel Workers: 1
Heap:
 PSYoungGen      total 27136K, used 16740K [0x00000000f5580000, 0x00000000f9880000, 0x0000000100000000)
  eden space 14848K, 99% used [0x00000000f5580000,0x00000000f63ffff8,0x00000000f6400000)
  from space 12288K, 15% used [0x00000000f7e00000,0x00000000f7fd9200,0x00000000f8a00000)
  to   space 26624K, 0% used [0x00000000f6400000,0x00000000f6400000,0x00000000f7e00000)
 ParOldGen       total 349696K, used 349695K [0x00000000e0000000, 0x00000000f5580000, 0x00000000f5580000)
  object space 349696K, 99% used [0x00000000e0000000,0x00000000f557ffe0,0x00000000f5580000)
 Metaspace       used 53099K, committed 54272K, reserved 1097728K
  class space    used 5308K, committed 5824K, reserved 1048576K
GC Heap History (20 events):
Event: 2414.388 GC heap before
{Heap before GC invocations=1562 (full 1453):
 PSYoungGen      total 27136K, used 16740K [0x00000000f5580000, 0x00000000f9880000, 0x0000000100000000)
  eden space 14848K, 99% used [0x00000000f5580000,0x00000000f63ffff8,0x00000000f6400000)
  from space 12288K, 15% used [0x00000000f7e00000,0x00000000f7fd9340,0x00000000f8a00000)
  to   space 26624K, 0% used [0x00000000f6400000,0x00000000f6400000,0x00000000f7e00000)
 ParOldGen       total 349696K, used 349695K [0x00000000e0000000, 0x00000000f5580000, 0x00000000f5580000)
  object space 349696K, 99% used [0x00000000e0000000,0x00000000f557fff8,0x00000000f5580000)
 Metaspace       used 53099K, committed 54272K, reserved 1097728K
  class space    used 5308K, committed 5824K, reserved 1048576K
}
Event: 2416.023 GC heap after
{Heap after GC invocations=1562 (full 1453):
 PSYoungGen      total 27136K, used 16740K [0x00000000f5580000, 0x00000000f9880000, 0x0000000100000000)
  eden space 14848K, 99% used [0x00000000f5580000,0x00000000f63ffe90,0x00000000f6400000)
  from space 12288K, 15% used [0x00000000f7e00000,0x00000000f7fd9310,0x00000000f8a00000)
  to   space 26624K, 0% used [0x00000000f6400000,0x00000000f6400000,0x00000000f7e00000)
 ParOldGen       total 349696K, used 349695K [0x00000000e0000000, 0x00000000f5580000, 0x00000000f5580000)
  object space 349696K, 99% used [0x00000000e0000000,0x00000000f557ffd0,0x00000000f5580000)
 Metaspace       used 53099K, committed 54272K, reserved 1097728K
  class space    used 5308K, committed 5824K, reserved 1048576K
}
Event: 2416.028 GC heap before
{Heap before GC invocations=1563 (full 1454):
 PSYoungGen      total 27136K, used 16740K [0x00000000f5580000, 0x00000000f9880000, 0x0000000100000000)
  eden space 14848K, 99% used [0x00000000f5580000,0x00000000f63fffd0,0x00000000f6400000)
  from space 12288K, 15% used [0x00000000f7e00000,0x00000000f7fd9310,0x00000000f8a00000)
  to   space 26624K, 0% used [0x00000000f6400000,0x00000000f6400000,0x00000000f7e00000)
 ParOldGen       total 349696K, used 349695K [0x00000000e0000000, 0x00000000f5580000, 0x00000000f5580000)
  object space 349696K, 99% used [0x00000000e0000000,0x00000000f557ffd0,0x00000000f5580000)
 Metaspace       used 53099K, committed 54272K, reserved 1097728K
  class space    used 5308K, committed 5824K, reserved 1048576K
}
Event: 2417.501 GC heap after
{Heap after GC invocations=1563 (full 1454):
 PSYoungGen      total 27136K, used 16740K [0x00000000f5580000, 0x00000000f9880000, 0x0000000100000000)
  eden space 14848K, 99% used [0x00000000f5580000,0x00000000f63fffb8,0x00000000f6400000)
  from space 12288K, 15% used [0x00000000f7e00000,0x00000000f7fd9310,0x00000000f8a00000)
  to   space 26624K, 0% used [0x00000000f6400000,0x00000000f6400000,0x00000000f7e00000)
 ParOldGen       total 349696K, used 349695K [0x00000000e0000000, 0x00000000f5580000, 0x00000000f5580000)
  object space 349696K, 99% used [0x00000000e0000000,0x00000000f557ffa0,0x00000000f5580000)
 Metaspace       used 53099K, committed 54272K, reserved 1097728K
  class space    used 5308K, committed 5824K, reserved 1048576K
}
Event: 2417.501 GC heap before
{Heap before GC invocations=1564 (full 1455):
 PSYoungGen      total 27136K, used 16740K [0x00000000f5580000, 0x00000000f9880000, 0x0000000100000000)
  eden space 14848K, 99% used [0x00000000f5580000,0x00000000f63fffb8,0x00000000f6400000)
  from space 12288K, 15% used [0x00000000f7e00000,0x00000000f7fd9310,0x00000000f8a00000)
  to   space 26624K, 0% used [0x00000000f6400000,0x00000000f6400000,0x00000000f7e00000)
 ParOldGen       total 349696K, used 349695K [0x00000000e0000000, 0x00000000f5580000, 0x00000000f5580000)
  object space 349696K, 99% used [0x00000000e0000000,0x00000000f557ffa0,0x00000000f5580000)
 Metaspace       used 53099K, committed 54272K, reserved 1097728K
  class space    used 5308K, committed 5824K, reserved 1048576K
}
Event: 2418.985 GC heap after
{Heap after GC invocations=1564 (full 1455):
 PSYoungGen      total 27136K, used 16740K [0x00000000f5580000, 0x00000000f9880000, 0x0000000100000000)
  eden space 14848K, 99% used [0x00000000f5580000,0x00000000f63ffe38,0x00000000f6400000)
  from space 12288K, 15% used [0x00000000f7e00000,0x00000000f7fd9310,0x00000000f8a00000)
  to   space 26624K, 0% used [0x00000000f6400000,0x00000000f6400000,0x00000000f7e00000)
 ParOldGen       total 349696K, used 349693K [0x00000000e0000000, 0x00000000f5580000, 0x00000000f5580000)
  object space 349696K, 99% used [0x00000000e0000000,0x00000000f557f608,0x00000000f5580000)
 Metaspace       used 53099K, committed 54272K, reserved 1097728K
  class space    used 5308K, committed 5824K, reserved 1048576K
}
Event: 2418.986 GC heap before
{Heap before GC invocations=1565 (full 1456):
 PSYoungGen      total 27136K, used 16740K [0x00000000f5580000, 0x00000000f9880000, 0x0000000100000000)
  eden space 14848K, 99% used [0x00000000f5580000,0x00000000f63ffff8,0x00000000f6400000)
  from space 12288K, 15% used [0x00000000f7e00000,0x00000000f7fd9310,0x00000000f8a00000)
  to   space 26624K, 0% used [0x00000000f6400000,0x00000000f6400000,0x00000000f7e00000)
 ParOldGen       total 349696K, used 349695K [0x00000000e0000000, 0x00000000f5580000, 0x00000000f5580000)
  object space 349696K, 99% used [0x00000000e0000000,0x00000000f557fe10,0x00000000f5580000)
 Metaspace       used 53099K, committed 54272K, reserved 1097728K
  class space    used 5308K, committed 5824K, reserved 1048576K
}
Event: 2420.486 GC heap after
{Heap after GC invocations=1565 (full 1456):
 PSYoungGen      total 27136K, used 16739K [0x00000000f5580000, 0x00000000f9880000, 0x0000000100000000)
  eden space 14848K, 99% used [0x00000000f5580000,0x00000000f63ffd38,0x00000000f6400000)
  from space 12288K, 15% used [0x00000000f7e00000,0x00000000f7fd9200,0x00000000f8a00000)
  to   space 26624K, 0% used [0x00000000f6400000,0x00000000f6400000,0x00000000f7e00000)
 ParOldGen       total 349696K, used 349695K [0x00000000e0000000, 0x00000000f5580000, 0x00000000f5580000)
  object space 349696K, 99% used [0x00000000e0000000,0x00000000f557fdf8,0x00000000f5580000)
 Metaspace       used 53099K, committed 54272K, reserved 1097728K
  class space    used 5308K, committed 5824K, reserved 1048576K
}
Event: 2420.486 GC heap before
{Heap before GC invocations=1566 (full 1457):
 PSYoungGen      total 27136K, used 16739K [0x00000000f5580000, 0x00000000f9880000, 0x0000000100000000)
  eden space 14848K, 99% used [0x00000000f5580000,0x00000000f63ffd38,0x00000000f6400000)
  from space 12288K, 15% used [0x00000000f7e00000,0x00000000f7fd9200,0x00000000f8a00000)
  to   space 26624K, 0% used [0x00000000f6400000,0x00000000f6400000,0x00000000f7e00000)
 ParOldGen       total 349696K, used 349695K [0x00000000e0000000, 0x00000000f5580000, 0x00000000f5580000)
  object space 349696K, 99% used [0x00000000e0000000,0x00000000f557fdf8,0x00000000f5580000)
 Metaspace       used 53099K, committed 54272K, reserved 1097728K
  class space    used 5308K, committed 5824K, reserved 1048576K
}
Event: 2421.940 GC heap after
{Heap after GC invocations=1566 (full 1457):
 PSYoungGen      total 27136K, used 16739K [0x00000000f5580000, 0x00000000f9880000, 0x0000000100000000)
  eden space 14848K, 99% used [0x00000000f5580000,0x00000000f63ffd38,0x00000000f6400000)
  from space 12288K, 15% used [0x00000000f7e00000,0x00000000f7fd9200,0x00000000f8a00000)
  to   space 26624K, 0% used [0x00000000f6400000,0x00000000f6400000,0x00000000f7e00000)
 ParOldGen       total 349696K, used 349695K [0x00000000e0000000, 0x00000000f5580000, 0x00000000f5580000)
  object space 349696K, 99% used [0x00000000e0000000,0x00000000f557fdf8,0x00000000f5580000)
 Metaspace       used 53099K, committed 54272K, reserved 1097728K
  class space    used 5308K, committed 5824K, reserved 1048576K
}
Event: 2421.941 GC heap before
{Heap before GC invocations=1567 (full 1458):
 PSYoungGen      total 27136K, used 16740K [0x00000000f5580000, 0x00000000f9880000, 0x0000000100000000)
  eden space 14848K, 100% used [0x00000000f5580000,0x00000000f6400000,0x00000000f6400000)
  from space 12288K, 15% used [0x00000000f7e00000,0x00000000f7fd9200,0x00000000f8a00000)
  to   space 26624K, 0% used [0x00000000f6400000,0x00000000f6400000,0x00000000f7e00000)
 ParOldGen       total 349696K, used 349695K [0x00000000e0000000, 0x00000000f5580000, 0x00000000f5580000)
  object space 349696K, 99% used [0x00000000e0000000,0x00000000f557ffe8,0x00000000f5580000)
 Metaspace       used 53099K, committed 54272K, reserved 1097728K
  class space    used 5308K, committed 5824K, reserved 1048576K
}
Event: 2423.686 GC heap after
{Heap after GC invocations=1567 (full 1458):
 PSYoungGen      total 27136K, used 16740K [0x00000000f5580000, 0x00000000f9880000, 0x0000000100000000)
  eden space 14848K, 99% used [0x00000000f5580000,0x00000000f63fff00,0x00000000f6400000)
  from space 12288K, 15% used [0x00000000f7e00000,0x00000000f7fd9200,0x00000000f8a00000)
  to   space 26624K, 0% used [0x00000000f6400000,0x00000000f6400000,0x00000000f7e00000)
 ParOldGen       total 349696K, used 349694K [0x00000000e0000000, 0x00000000f5580000, 0x00000000f5580000)
  object space 349696K, 99% used [0x00000000e0000000,0x00000000f557f8b8,0x00000000f5580000)
 Metaspace       used 53099K, committed 54272K, reserved 1097728K
  class space    used 5308K, committed 5824K, reserved 1048576K
}
Event: 2423.686 GC heap before
{Heap before GC invocations=1568 (full 1459):
 PSYoungGen      total 27136K, used 16740K [0x00000000f5580000, 0x00000000f9880000, 0x0000000100000000)
  eden space 14848K, 100% used [0x00000000f5580000,0x00000000f6400000,0x00000000f6400000)
  from space 12288K, 15% used [0x00000000f7e00000,0x00000000f7fd9200,0x00000000f8a00000)
  to   space 26624K, 0% used [0x00000000f6400000,0x00000000f6400000,0x00000000f7e00000)
 ParOldGen       total 349696K, used 349694K [0x00000000e0000000, 0x00000000f5580000, 0x00000000f5580000)
  object space 349696K, 99% used [0x00000000e0000000,0x00000000f557f8b8,0x00000000f5580000)
 Metaspace       used 53099K, committed 54272K, reserved 1097728K
  class space    used 5308K, committed 5824K, reserved 1048576K
}
Event: 2425.340 GC heap after
{Heap after GC invocations=1568 (full 1459):
 PSYoungGen      total 27136K, used 16740K [0x00000000f5580000, 0x00000000f9880000, 0x0000000100000000)
  eden space 14848K, 99% used [0x00000000f5580000,0x00000000f63ffeb8,0x00000000f6400000)
  from space 12288K, 15% used [0x00000000f7e00000,0x00000000f7fd9200,0x00000000f8a00000)
  to   space 26624K, 0% used [0x00000000f6400000,0x00000000f6400000,0x00000000f7e00000)
 ParOldGen       total 349696K, used 349694K [0x00000000e0000000, 0x00000000f5580000, 0x00000000f5580000)
  object space 349696K, 99% used [0x00000000e0000000,0x00000000f557f8b8,0x00000000f5580000)
 Metaspace       used 53099K, committed 54272K, reserved 1097728K
  class space    used 5308K, committed 5824K, reserved 1048576K
}
Event: 2425.340 GC heap before
{Heap before GC invocations=1569 (full 1460):
 PSYoungGen      total 27136K, used 16740K [0x00000000f5580000, 0x00000000f9880000, 0x0000000100000000)
  eden space 14848K, 99% used [0x00000000f5580000,0x00000000f63ffff8,0x00000000f6400000)
  from space 12288K, 15% used [0x00000000f7e00000,0x00000000f7fd9200,0x00000000f8a00000)
  to   space 26624K, 0% used [0x00000000f6400000,0x00000000f6400000,0x00000000f7e00000)
 ParOldGen       total 349696K, used 349694K [0x00000000e0000000, 0x00000000f5580000, 0x00000000f5580000)
  object space 349696K, 99% used [0x00000000e0000000,0x00000000f557f8b8,0x00000000f5580000)
 Metaspace       used 53099K, committed 54272K, reserved 1097728K
  class space    used 5308K, committed 5824K, reserved 1048576K
}
Event: 2426.882 GC heap after
{Heap after GC invocations=1569 (full 1460):
 PSYoungGen      total 27136K, used 16740K [0x00000000f5580000, 0x00000000f9880000, 0x0000000100000000)
  eden space 14848K, 99% used [0x00000000f5580000,0x00000000f63ffeb8,0x00000000f6400000)
  from space 12288K, 15% used [0x00000000f7e00000,0x00000000f7fd9200,0x00000000f8a00000)
  to   space 26624K, 0% used [0x00000000f6400000,0x00000000f6400000,0x00000000f7e00000)
 ParOldGen       total 349696K, used 349694K [0x00000000e0000000, 0x00000000f5580000, 0x00000000f5580000)
  object space 349696K, 99% used [0x00000000e0000000,0x00000000f557f8b8,0x00000000f5580000)
 Metaspace       used 53099K, committed 54272K, reserved 1097728K
  class space    used 5308K, committed 5824K, reserved 1048576K
}
Event: 2426.882 GC heap before
{Heap before GC invocations=1570 (full 1461):
 PSYoungGen      total 27136K, used 16740K [0x00000000f5580000, 0x00000000f9880000, 0x0000000100000000)
  eden space 14848K, 99% used [0x00000000f5580000,0x00000000f63fff70,0x00000000f6400000)
  from space 12288K, 15% used [0x00000000f7e00000,0x00000000f7fd9200,0x00000000f8a00000)
  to   space 26624K, 0% used [0x00000000f6400000,0x00000000f6400000,0x00000000f7e00000)
 ParOldGen       total 349696K, used 349694K [0x00000000e0000000, 0x00000000f5580000, 0x00000000f5580000)
  object space 349696K, 99% used [0x00000000e0000000,0x00000000f557f8b8,0x00000000f5580000)
 Metaspace       used 53099K, committed 54272K, reserved 1097728K
  class space    used 5308K, committed 5824K, reserved 1048576K
}
Event: 2428.441 GC heap after
{Heap after GC invocations=1570 (full 1461):
 PSYoungGen      total 27136K, used 16740K [0x00000000f5580000, 0x00000000f9880000, 0x0000000100000000)
  eden space 14848K, 99% used [0x00000000f5580000,0x00000000f63ffed0,0x00000000f6400000)
  from space 12288K, 15% used [0x00000000f7e00000,0x00000000f7fd9200,0x00000000f8a00000)
  to   space 26624K, 0% used [0x00000000f6400000,0x00000000f6400000,0x00000000f7e00000)
 ParOldGen       total 349696K, used 349694K [0x00000000e0000000, 0x00000000f5580000, 0x00000000f5580000)
  object space 349696K, 99% used [0x00000000e0000000,0x00000000f557f8b8,0x00000000f5580000)
 Metaspace       used 53099K, committed 54272K, reserved 1097728K
  class space    used 5308K, committed 5824K, reserved 1048576K
}
Event: 2428.441 GC heap before
{Heap before GC invocations=1571 (full 1462):
 PSYoungGen      total 27136K, used 16740K [0x00000000f5580000, 0x00000000f9880000, 0x0000000100000000)
  eden space 14848K, 99% used [0x00000000f5580000,0x00000000f63ffed0,0x00000000f6400000)
  from space 12288K, 15% used [0x00000000f7e00000,0x00000000f7fd9200,0x00000000f8a00000)
  to   space 26624K, 0% used [0x00000000f6400000,0x00000000f6400000,0x00000000f7e00000)
 ParOldGen       total 349696K, used 349694K [0x00000000e0000000, 0x00000000f5580000, 0x00000000f5580000)
  object space 349696K, 99% used [0x00000000e0000000,0x00000000f557f8b8,0x00000000f5580000)
 Metaspace       used 53099K, committed 54272K, reserved 1097728K
  class space    used 5308K, committed 5824K, reserved 1048576K
}
Event: 2430.033 GC heap after
{Heap after GC invocations=1571 (full 1462):
 PSYoungGen      total 27136K, used 16740K [0x00000000f5580000, 0x00000000f9880000, 0x0000000100000000)
  eden space 14848K, 99% used [0x00000000f5580000,0x00000000f63ffed0,0x00000000f6400000)
  from space 12288K, 15% used [0x00000000f7e00000,0x00000000f7fd9200,0x00000000f8a00000)
  to   space 26624K, 0% used [0x00000000f6400000,0x00000000f6400000,0x00000000f7e00000)
 ParOldGen       total 349696K, used 349694K [0x00000000e0000000, 0x00000000f5580000, 0x00000000f5580000)
  object space 349696K, 99% used [0x00000000e0000000,0x00000000f557f8b8,0x00000000f5580000)
 Metaspace       used 53099K, committed 54272K, reserved 1097728K
  class space    used 5308K, committed 5824K, reserved 1048576K
}

